2020-06-19 00:20:37,821 WARN com.zaxxer.hikari.pool.HikariPool [HikariPool-53 housekeeper] HikariPool-53 - Thread starvation or clock leap detected (housekeeper delta=5h42m6s313ms256µs800ns).
2020-06-19 11:07:36,241 WARN com.zaxxer.hikari.pool.HikariPool [HikariPool-53 housekeeper] HikariPool-53 - Thread starvation or clock leap detected (housekeeper delta=10h27m28s389ms231µs300ns).
2020-06-19 11:08:20,485 INFO org.apache.catalina.core.ContainerBase.[Tomcat].[localhost].[/] [http-nio-8090-exec-1] Initializing Spring DispatcherServlet 'dispatcherServlet'
2020-06-19 11:09:59,314 INFO com.zaxxer.hikari.HikariDataSource [Thread-385] HikariPool-53 - Shutdown initiated...
2020-06-19 11:09:59,317 INFO com.zaxxer.hikari.HikariDataSource [Thread-385] HikariPool-53 - Shutdown completed.
2020-06-19 11:09:59,756 INFO com.renaissance.DemoApplication [restartedMain] Starting DemoApplication on LAPTOP-5REF1QFU with PID 3352 (D:\EclipseWorkspace\spring-boot-hibernate-thymeleaf\target\classes started by Renaissance in D:\EclipseWorkspace\spring-boot-hibernate-thymeleaf)
2020-06-19 11:09:59,756 INFO com.renaissance.DemoApplication [restartedMain] The following profiles are active: prod
2020-06-19 11:10:00,247 INFO org.apache.catalina.core.StandardService [restartedMain] Starting service [Tomcat]
2020-06-19 11:10:00,247 INFO org.apache.catalina.core.StandardEngine [restartedMain] Starting Servlet engine: [Apache Tomcat/9.0.19]
2020-06-19 11:10:00,270 INFO org.apache.catalina.core.ContainerBase.[Tomcat].[localhost].[/] [restartedMain] Initializing Spring embedded WebApplicationContext
2020-06-19 11:10:00,307 INFO com.zaxxer.hikari.HikariDataSource [restartedMain] HikariPool-54 - Starting...
2020-06-19 11:10:00,336 INFO com.zaxxer.hikari.HikariDataSource [restartedMain] HikariPool-54 - Start completed.
2020-06-19 11:10:00,350 INFO org.hibernate.jpa.internal.util.LogHelper [restartedMain] HHH000204: Processing PersistenceUnitInfo [
	name: default
	...]
2020-06-19 11:10:00,384 INFO org.hibernate.dialect.Dialect [restartedMain] HHH000400: Using dialect: org.hibernate.dialect.PostgreSQLDialect
2020-06-19 11:10:00,646 INFO org.hibernate.engine.jdbc.env.internal.LobCreatorBuilderImpl [restartedMain] HHH000421: Disabling contextual LOB creation as hibernate.jdbc.lob.non_contextual_creation is true
2020-06-19 11:10:00,646 INFO org.hibernate.type.BasicTypeRegistry [restartedMain] HHH000270: Type registration [java.util.UUID] overrides previous : org.hibernate.type.UUIDBinaryType@1af5484c
2020-06-19 11:10:01,049 INFO com.renaissance.DemoApplication [restartedMain] Started DemoApplication in 1.321 seconds (JVM running for 702343.399)
2020-06-19 11:10:01,050 INFO com.renaissance.DemoApplication [restartedMain] Simple log statement with inputs 1, 2 and 3
2020-06-19 11:10:53,576 INFO com.zaxxer.hikari.HikariDataSource [Thread-392] HikariPool-54 - Shutdown initiated...
2020-06-19 11:10:53,579 INFO com.zaxxer.hikari.HikariDataSource [Thread-392] HikariPool-54 - Shutdown completed.
2020-06-19 11:10:53,929 INFO com.renaissance.DemoApplication [restartedMain] Starting DemoApplication on LAPTOP-5REF1QFU with PID 3352 (D:\EclipseWorkspace\spring-boot-hibernate-thymeleaf\target\classes started by Renaissance in D:\EclipseWorkspace\spring-boot-hibernate-thymeleaf)
2020-06-19 11:10:53,929 INFO com.renaissance.DemoApplication [restartedMain] The following profiles are active: prod
2020-06-19 11:10:54,362 INFO org.apache.catalina.core.StandardService [restartedMain] Starting service [Tomcat]
2020-06-19 11:10:54,363 INFO org.apache.catalina.core.StandardEngine [restartedMain] Starting Servlet engine: [Apache Tomcat/9.0.19]
2020-06-19 11:10:54,387 INFO org.apache.catalina.core.ContainerBase.[Tomcat].[localhost].[/] [restartedMain] Initializing Spring embedded WebApplicationContext
2020-06-19 11:10:54,424 INFO com.zaxxer.hikari.HikariDataSource [restartedMain] HikariPool-55 - Starting...
2020-06-19 11:10:54,451 INFO com.zaxxer.hikari.HikariDataSource [restartedMain] HikariPool-55 - Start completed.
2020-06-19 11:10:54,466 INFO org.hibernate.jpa.internal.util.LogHelper [restartedMain] HHH000204: Processing PersistenceUnitInfo [
	name: default
	...]
2020-06-19 11:10:54,495 INFO org.hibernate.dialect.Dialect [restartedMain] HHH000400: Using dialect: org.hibernate.dialect.PostgreSQLDialect
2020-06-19 11:10:54,740 INFO org.hibernate.engine.jdbc.env.internal.LobCreatorBuilderImpl [restartedMain] HHH000421: Disabling contextual LOB creation as hibernate.jdbc.lob.non_contextual_creation is true
2020-06-19 11:10:54,740 INFO org.hibernate.type.BasicTypeRegistry [restartedMain] HHH000270: Type registration [java.util.UUID] overrides previous : org.hibernate.type.UUIDBinaryType@1af5484c
2020-06-19 11:10:55,096 INFO com.renaissance.DemoApplication [restartedMain] Started DemoApplication in 1.19 seconds (JVM running for 702397.445)
2020-06-19 11:10:55,097 INFO com.renaissance.DemoApplication [restartedMain] Simple log statement with inputs 1, 2 and 3
2020-06-19 11:16:58,490 INFO com.zaxxer.hikari.HikariDataSource [Thread-399] HikariPool-55 - Shutdown initiated...
2020-06-19 11:16:58,494 INFO com.zaxxer.hikari.HikariDataSource [Thread-399] HikariPool-55 - Shutdown completed.
2020-06-19 11:16:58,825 INFO com.renaissance.DemoApplication [restartedMain] Starting DemoApplication on LAPTOP-5REF1QFU with PID 3352 (D:\EclipseWorkspace\spring-boot-hibernate-thymeleaf\target\classes started by Renaissance in D:\EclipseWorkspace\spring-boot-hibernate-thymeleaf)
2020-06-19 11:16:58,825 INFO com.renaissance.DemoApplication [restartedMain] The following profiles are active: prod
2020-06-19 11:16:59,626 INFO org.apache.catalina.core.StandardService [restartedMain] Starting service [Tomcat]
2020-06-19 11:16:59,626 INFO org.apache.catalina.core.StandardEngine [restartedMain] Starting Servlet engine: [Apache Tomcat/9.0.19]
2020-06-19 11:16:59,649 INFO org.apache.catalina.core.ContainerBase.[Tomcat].[localhost].[/] [restartedMain] Initializing Spring embedded WebApplicationContext
2020-06-19 11:16:59,683 INFO com.zaxxer.hikari.HikariDataSource [restartedMain] HikariPool-56 - Starting...
2020-06-19 11:16:59,712 INFO com.zaxxer.hikari.HikariDataSource [restartedMain] HikariPool-56 - Start completed.
2020-06-19 11:16:59,729 INFO org.hibernate.jpa.internal.util.LogHelper [restartedMain] HHH000204: Processing PersistenceUnitInfo [
	name: default
	...]
2020-06-19 11:16:59,763 INFO org.hibernate.dialect.Dialect [restartedMain] HHH000400: Using dialect: org.hibernate.dialect.PostgreSQLDialect
2020-06-19 11:17:00,018 INFO org.hibernate.engine.jdbc.env.internal.LobCreatorBuilderImpl [restartedMain] HHH000421: Disabling contextual LOB creation as hibernate.jdbc.lob.non_contextual_creation is true
2020-06-19 11:17:00,018 INFO org.hibernate.type.BasicTypeRegistry [restartedMain] HHH000270: Type registration [java.util.UUID] overrides previous : org.hibernate.type.UUIDBinaryType@1af5484c
2020-06-19 11:17:00,374 INFO com.renaissance.DemoApplication [restartedMain] Started DemoApplication in 1.572 seconds (JVM running for 702762.723)
2020-06-19 11:17:00,375 INFO com.renaissance.DemoApplication [restartedMain] Simple log statement with inputs 1, 2 and 3
2020-06-19 11:17:12,021 INFO com.zaxxer.hikari.HikariDataSource [Thread-406] HikariPool-56 - Shutdown initiated...
2020-06-19 11:17:12,025 INFO com.zaxxer.hikari.HikariDataSource [Thread-406] HikariPool-56 - Shutdown completed.
2020-06-19 11:17:12,317 INFO com.renaissance.DemoApplication [restartedMain] Starting DemoApplication on LAPTOP-5REF1QFU with PID 3352 (D:\EclipseWorkspace\spring-boot-hibernate-thymeleaf\target\classes started by Renaissance in D:\EclipseWorkspace\spring-boot-hibernate-thymeleaf)
2020-06-19 11:17:12,317 INFO com.renaissance.DemoApplication [restartedMain] The following profiles are active: prod
2020-06-19 11:17:12,724 INFO org.apache.catalina.core.StandardService [restartedMain] Starting service [Tomcat]
2020-06-19 11:17:12,724 INFO org.apache.catalina.core.StandardEngine [restartedMain] Starting Servlet engine: [Apache Tomcat/9.0.19]
2020-06-19 11:17:12,746 INFO org.apache.catalina.core.ContainerBase.[Tomcat].[localhost].[/] [restartedMain] Initializing Spring embedded WebApplicationContext
2020-06-19 11:17:12,779 INFO com.zaxxer.hikari.HikariDataSource [restartedMain] HikariPool-57 - Starting...
2020-06-19 11:17:12,808 INFO com.zaxxer.hikari.HikariDataSource [restartedMain] HikariPool-57 - Start completed.
2020-06-19 11:17:12,822 INFO org.hibernate.jpa.internal.util.LogHelper [restartedMain] HHH000204: Processing PersistenceUnitInfo [
	name: default
	...]
2020-06-19 11:17:12,854 INFO org.hibernate.dialect.Dialect [restartedMain] HHH000400: Using dialect: org.hibernate.dialect.PostgreSQLDialect
2020-06-19 11:17:13,108 INFO org.hibernate.engine.jdbc.env.internal.LobCreatorBuilderImpl [restartedMain] HHH000421: Disabling contextual LOB creation as hibernate.jdbc.lob.non_contextual_creation is true
2020-06-19 11:17:13,108 INFO org.hibernate.type.BasicTypeRegistry [restartedMain] HHH000270: Type registration [java.util.UUID] overrides previous : org.hibernate.type.UUIDBinaryType@1af5484c
2020-06-19 11:17:13,481 INFO com.renaissance.DemoApplication [restartedMain] Started DemoApplication in 1.185 seconds (JVM running for 702775.83)
2020-06-19 11:17:13,482 INFO com.renaissance.DemoApplication [restartedMain] Simple log statement with inputs 1, 2 and 3
2020-06-19 11:18:21,259 INFO com.zaxxer.hikari.HikariDataSource [Thread-413] HikariPool-57 - Shutdown initiated...
2020-06-19 11:18:21,263 INFO com.zaxxer.hikari.HikariDataSource [Thread-413] HikariPool-57 - Shutdown completed.
2020-06-19 11:18:21,556 INFO com.renaissance.DemoApplication [restartedMain] Starting DemoApplication on LAPTOP-5REF1QFU with PID 3352 (D:\EclipseWorkspace\spring-boot-hibernate-thymeleaf\target\classes started by Renaissance in D:\EclipseWorkspace\spring-boot-hibernate-thymeleaf)
2020-06-19 11:18:21,556 INFO com.renaissance.DemoApplication [restartedMain] The following profiles are active: prod
2020-06-19 11:18:21,967 INFO org.apache.catalina.core.StandardService [restartedMain] Starting service [Tomcat]
2020-06-19 11:18:21,967 INFO org.apache.catalina.core.StandardEngine [restartedMain] Starting Servlet engine: [Apache Tomcat/9.0.19]
2020-06-19 11:18:21,988 INFO org.apache.catalina.core.ContainerBase.[Tomcat].[localhost].[/] [restartedMain] Initializing Spring embedded WebApplicationContext
2020-06-19 11:18:22,020 INFO com.zaxxer.hikari.HikariDataSource [restartedMain] HikariPool-58 - Starting...
2020-06-19 11:18:22,052 INFO com.zaxxer.hikari.HikariDataSource [restartedMain] HikariPool-58 - Start completed.
2020-06-19 11:18:22,067 INFO org.hibernate.jpa.internal.util.LogHelper [restartedMain] HHH000204: Processing PersistenceUnitInfo [
	name: default
	...]
2020-06-19 11:18:22,093 INFO org.hibernate.dialect.Dialect [restartedMain] HHH000400: Using dialect: org.hibernate.dialect.PostgreSQLDialect
2020-06-19 11:18:22,337 INFO org.hibernate.engine.jdbc.env.internal.LobCreatorBuilderImpl [restartedMain] HHH000421: Disabling contextual LOB creation as hibernate.jdbc.lob.non_contextual_creation is true
2020-06-19 11:18:22,337 INFO org.hibernate.type.BasicTypeRegistry [restartedMain] HHH000270: Type registration [java.util.UUID] overrides previous : org.hibernate.type.UUIDBinaryType@1af5484c
2020-06-19 11:18:22,713 INFO com.renaissance.DemoApplication [restartedMain] Started DemoApplication in 1.179 seconds (JVM running for 702845.063)
2020-06-19 11:18:22,715 INFO com.renaissance.DemoApplication [restartedMain] Simple log statement with inputs 1, 2 and 3
2020-06-19 11:18:28,230 INFO com.zaxxer.hikari.HikariDataSource [Thread-420] HikariPool-58 - Shutdown initiated...
2020-06-19 11:18:28,233 INFO com.zaxxer.hikari.HikariDataSource [Thread-420] HikariPool-58 - Shutdown completed.
2020-06-19 11:18:28,549 INFO com.renaissance.DemoApplication [restartedMain] Starting DemoApplication on LAPTOP-5REF1QFU with PID 3352 (D:\EclipseWorkspace\spring-boot-hibernate-thymeleaf\target\classes started by Renaissance in D:\EclipseWorkspace\spring-boot-hibernate-thymeleaf)
2020-06-19 11:18:28,549 INFO com.renaissance.DemoApplication [restartedMain] The following profiles are active: prod
2020-06-19 11:18:28,961 INFO org.apache.catalina.core.StandardService [restartedMain] Starting service [Tomcat]
2020-06-19 11:18:28,961 INFO org.apache.catalina.core.StandardEngine [restartedMain] Starting Servlet engine: [Apache Tomcat/9.0.19]
2020-06-19 11:18:28,983 INFO org.apache.catalina.core.ContainerBase.[Tomcat].[localhost].[/] [restartedMain] Initializing Spring embedded WebApplicationContext
2020-06-19 11:18:29,018 INFO com.zaxxer.hikari.HikariDataSource [restartedMain] HikariPool-59 - Starting...
2020-06-19 11:18:29,048 INFO com.zaxxer.hikari.HikariDataSource [restartedMain] HikariPool-59 - Start completed.
2020-06-19 11:18:29,063 INFO org.hibernate.jpa.internal.util.LogHelper [restartedMain] HHH000204: Processing PersistenceUnitInfo [
	name: default
	...]
2020-06-19 11:18:29,090 INFO org.hibernate.dialect.Dialect [restartedMain] HHH000400: Using dialect: org.hibernate.dialect.PostgreSQLDialect
2020-06-19 11:18:29,334 INFO org.hibernate.engine.jdbc.env.internal.LobCreatorBuilderImpl [restartedMain] HHH000421: Disabling contextual LOB creation as hibernate.jdbc.lob.non_contextual_creation is true
2020-06-19 11:18:29,334 INFO org.hibernate.type.BasicTypeRegistry [restartedMain] HHH000270: Type registration [java.util.UUID] overrides previous : org.hibernate.type.UUIDBinaryType@1af5484c
2020-06-19 11:18:29,683 INFO com.renaissance.DemoApplication [restartedMain] Started DemoApplication in 1.154 seconds (JVM running for 702852.032)
2020-06-19 11:18:29,684 INFO com.renaissance.DemoApplication [restartedMain] Simple log statement with inputs 1, 2 and 3
2020-06-19 11:21:13,001 INFO org.apache.catalina.core.ContainerBase.[Tomcat].[localhost].[/] [http-nio-8090-exec-1] Initializing Spring DispatcherServlet 'dispatcherServlet'
2020-06-19 11:21:23,728 INFO org.hibernate.hql.internal.QueryTranslatorFactoryInitiator [http-nio-8090-exec-10] HHH000397: Using ASTQueryTranslatorFactory
2020-06-19 11:21:23,734 INFO com.renaissance.profile.parser.web.LoginController [http-nio-8090-exec-10] Found matching User details for: {}renaissance
2020-06-19 11:21:23,934 INFO com.renaissance.profile.parser.web.LoginController [http-nio-8090-exec-7] Logged in user name before rendering page, pageload.. Renaissance
2020-06-19 11:21:54,085 INFO com.renaissance.profile.parser.web.ConstantsMVCController [http-nio-8090-exec-9] Constants values from DB,ConstantsDTO [nsw=6, vic=6, sa=6, wa=6, tas=6, qld=6] 
2020-06-19 11:23:21,416 INFO com.renaissance.profile.parser.web.ConstantsMVCController [http-nio-8090-exec-5] Constants values from DB,ConstantsDTO [nsw=6, vic=6, sa=6, wa=6, tas=6, qld=6] 
