2020-06-25 10:16:57,846 WARN com.zaxxer.hikari.pool.HikariPool [HikariPool-71 housekeeper] HikariPool-71 - Thread starvation or clock leap detected (housekeeper delta=17h3m3s239ms319µs600ns).
2020-06-25 10:24:36,616 INFO org.apache.catalina.core.ContainerBase.[Tomcat].[localhost].[/] [http-nio-8090-exec-1] Initializing Spring DispatcherServlet 'dispatcherServlet'
2020-06-25 10:24:42,949 INFO org.hibernate.hql.internal.QueryTranslatorFactoryInitiator [http-nio-8090-exec-5] HHH000397: Using ASTQueryTranslatorFactory
2020-06-25 10:24:42,955 INFO com.renaissance.profile.parser.web.LoginController [http-nio-8090-exec-5] Found matching User details for: {}renaissance
2020-06-25 10:24:43,166 INFO com.renaissance.profile.parser.web.LoginController [http-nio-8090-exec-3] Logged in user name before rendering page, pageload.. Renaissance
2020-06-25 10:24:46,364 INFO com.renaissance.profile.parser.web.RegisterEmployeeMvcController [http-nio-8090-exec-4] Controller invoked to retrieve recruiter list 
2020-06-25 10:24:46,367 INFO com.renaissance.profile.parser.web.RegisterEmployeeMvcController [http-nio-8090-exec-4] Recruiter list size...,2 
2020-06-25 10:26:09,137 INFO com.renaissance.profile.parser.web.RegisterEmployeeMvcController [http-nio-8090-exec-8] Controller invoked to retrieve recruiter list 
2020-06-25 10:26:09,140 INFO com.renaissance.profile.parser.web.RegisterEmployeeMvcController [http-nio-8090-exec-8] Recruiter list size...,2 
2020-06-25 10:27:19,307 INFO com.renaissance.profile.parser.web.RegisterEmployeeMvcController [http-nio-8090-exec-5] Controller invoked to retrieve recruiter list 
2020-06-25 10:27:19,309 INFO com.renaissance.profile.parser.web.RegisterEmployeeMvcController [http-nio-8090-exec-5] Recruiter list size...,2 
2020-06-25 10:29:00,292 INFO com.renaissance.profile.parser.web.RegisterEmployeeMvcController [http-nio-8090-exec-7] Controller invoked to retrieve recruiter list 
2020-06-25 10:29:00,293 INFO com.renaissance.profile.parser.web.RegisterEmployeeMvcController [http-nio-8090-exec-7] Recruiter list size...,2 
2020-06-25 10:33:41,166 INFO com.renaissance.profile.parser.web.RegisterEmployeeMvcController [http-nio-8090-exec-9] Controller invoked to retrieve recruiter list 
2020-06-25 10:33:41,167 INFO com.renaissance.profile.parser.web.RegisterEmployeeMvcController [http-nio-8090-exec-9] Recruiter list size...,2 
2020-06-25 10:34:02,375 INFO com.renaissance.profile.parser.util.ProfileParserUtils [http-nio-8090-exec-10] Values...,null,700.0,54.95,0.0,{},{}
2020-06-25 10:34:02,376 INFO com.renaissance.contractor.web.ContractorMVCController [http-nio-8090-exec-10] Controller invoked, to calculateMargin... MarginDTO [grossMargin=null, netMargin=null, contractorRate=700.0, billRate=null, payrollTax=4.85, workLocationState=VIC, insuranceCost=null, additionalCost=null, recruiterCommission=null, superIncludeCheck=null, payrollTaxCheck=true, insurancePaymentFlag=true, insuranceType=null, superannuation=null, referralCommissionType=none, referralCommissionValue=null, insurancePercentage=3.0, insuranceValue=21.0, payrollTaxValue=33.95, referralValue=0.0]
2020-06-25 10:34:03,902 INFO com.renaissance.profile.parser.util.ProfileParserUtils [http-nio-8090-exec-8] Values...,null,700.0,54.95,0.0,{},{}
2020-06-25 10:34:03,902 INFO com.renaissance.contractor.web.ContractorMVCController [http-nio-8090-exec-8] Controller invoked, to calculateMargin... MarginDTO [grossMargin=null, netMargin=null, contractorRate=700.0, billRate=null, payrollTax=4.85, workLocationState=VIC, insuranceCost=null, additionalCost=null, recruiterCommission=null, superIncludeCheck=null, payrollTaxCheck=true, insurancePaymentFlag=true, insuranceType=null, superannuation=null, referralCommissionType=none, referralCommissionValue=null, insurancePercentage=3.0, insuranceValue=21.0, payrollTaxValue=33.95, referralValue=0.0]
2020-06-25 10:35:08,933 INFO com.renaissance.profile.parser.web.RegisterEmployeeMvcController [http-nio-8090-exec-2] Controller invoked to retrieve recruiter list 
2020-06-25 10:35:08,934 INFO com.renaissance.profile.parser.web.RegisterEmployeeMvcController [http-nio-8090-exec-2] Recruiter list size...,2 
2020-06-25 10:36:26,839 INFO com.renaissance.profile.parser.web.RegisterEmployeeMvcController [http-nio-8090-exec-9] Controller invoked to retrieve recruiter list 
2020-06-25 10:36:26,840 INFO com.renaissance.profile.parser.web.RegisterEmployeeMvcController [http-nio-8090-exec-9] Recruiter list size...,2 
2020-06-25 10:38:23,097 INFO com.renaissance.profile.parser.web.RegisterEmployeeMvcController [http-nio-8090-exec-9] Controller invoked to retrieve recruiter list 
2020-06-25 10:38:23,098 INFO com.renaissance.profile.parser.web.RegisterEmployeeMvcController [http-nio-8090-exec-9] Recruiter list size...,2 
2020-06-25 10:39:27,766 INFO com.renaissance.profile.parser.web.RegisterEmployeeMvcController [http-nio-8090-exec-2] Controller invoked to retrieve recruiter list 
2020-06-25 10:39:27,767 INFO com.renaissance.profile.parser.web.RegisterEmployeeMvcController [http-nio-8090-exec-2] Recruiter list size...,2 
2020-06-25 10:39:47,101 INFO com.renaissance.profile.parser.util.ProfileParserUtils [http-nio-8090-exec-5] Values...,800.0,700.0,54.95,0.0,{},{}
2020-06-25 10:39:47,101 INFO com.renaissance.contractor.web.ContractorMVCController [http-nio-8090-exec-5] Controller invoked, to calculateMargin... MarginDTO [grossMargin=45.05, netMargin=null, contractorRate=700.0, billRate=800.0, payrollTax=4.85, workLocationState=VIC, insuranceCost=null, additionalCost=null, recruiterCommission=null, superIncludeCheck=null, payrollTaxCheck=true, insurancePaymentFlag=true, insuranceType=null, superannuation=null, referralCommissionType=none, referralCommissionValue=null, insurancePercentage=3.0, insuranceValue=21.0, payrollTaxValue=33.95, referralValue=0.0]
2020-06-25 10:40:02,434 INFO com.renaissance.profile.parser.web.RegisterEmployeeMvcController [http-nio-8090-exec-5] Controller invoked to retrieve recruiter list 
2020-06-25 10:40:02,435 INFO com.renaissance.profile.parser.web.RegisterEmployeeMvcController [http-nio-8090-exec-5] Recruiter list size...,2 
2020-06-25 10:41:40,705 INFO com.renaissance.profile.parser.util.ProfileParserUtils [http-nio-8090-exec-4] Values...,null,700.0,54.95,42.0,{},{}
2020-06-25 10:41:40,706 INFO com.renaissance.contractor.web.ContractorMVCController [http-nio-8090-exec-4] Controller invoked, to calculateMargin... MarginDTO [grossMargin=null, netMargin=null, contractorRate=700.0, billRate=null, payrollTax=4.85, workLocationState=VIC, insuranceCost=null, additionalCost=null, recruiterCommission=null, superIncludeCheck=null, payrollTaxCheck=true, insurancePaymentFlag=true, insuranceType=null, superannuation=null, referralCommissionType=percent, referralCommissionValue=6.0, insurancePercentage=3.0, insuranceValue=21.0, payrollTaxValue=33.95, referralValue=42.0]
2020-06-25 10:42:17,598 INFO com.renaissance.profile.parser.web.RegisterEmployeeMvcController [http-nio-8090-exec-2] Controller invoked to retrieve recruiter list 
2020-06-25 10:42:17,599 INFO com.renaissance.profile.parser.web.RegisterEmployeeMvcController [http-nio-8090-exec-2] Recruiter list size...,2 
2020-06-25 10:42:50,389 INFO com.renaissance.profile.parser.util.ProfileParserUtils [http-nio-8090-exec-9] Values...,900.0,700.0,54.95,42.0,{},{}
2020-06-25 10:42:50,390 INFO com.renaissance.contractor.web.ContractorMVCController [http-nio-8090-exec-9] Controller invoked, to calculateMargin... MarginDTO [grossMargin=103.05, netMargin=null, contractorRate=700.0, billRate=900.0, payrollTax=4.85, workLocationState=VIC, insuranceCost=null, additionalCost=null, recruiterCommission=null, superIncludeCheck=null, payrollTaxCheck=true, insurancePaymentFlag=true, insuranceType=null, superannuation=null, referralCommissionType=percent, referralCommissionValue=6.0, insurancePercentage=3.0, insuranceValue=21.0, payrollTaxValue=33.95, referralValue=42.0]
2020-06-25 10:42:52,064 INFO com.renaissance.profile.parser.util.ProfileParserUtils [http-nio-8090-exec-8] Values...,900.0,700.0,54.95,42.0,{},{}
2020-06-25 10:42:52,064 INFO com.renaissance.contractor.web.ContractorMVCController [http-nio-8090-exec-8] Controller invoked, to calculateMargin... MarginDTO [grossMargin=103.05, netMargin=null, contractorRate=700.0, billRate=900.0, payrollTax=4.85, workLocationState=VIC, insuranceCost=null, additionalCost=null, recruiterCommission=null, superIncludeCheck=null, payrollTaxCheck=true, insurancePaymentFlag=true, insuranceType=null, superannuation=null, referralCommissionType=percent, referralCommissionValue=6.0, insurancePercentage=3.0, insuranceValue=21.0, payrollTaxValue=33.95, referralValue=42.0]
2020-06-25 10:44:51,641 INFO com.renaissance.profile.parser.util.ProfileParserUtils [http-nio-8090-exec-5] Values...,900.0,800.0,88.0,48.0,{},{}
2020-06-25 10:44:51,641 INFO com.renaissance.contractor.web.ContractorMVCController [http-nio-8090-exec-5] Controller invoked, to calculateMargin... MarginDTO [grossMargin=-36.0, netMargin=null, contractorRate=800.0, billRate=900.0, payrollTax=8.0, workLocationState=VIC, insuranceCost=null, additionalCost=null, recruiterCommission=null, superIncludeCheck=null, payrollTaxCheck=true, insurancePaymentFlag=true, insuranceType=null, superannuation=null, referralCommissionType=percent, referralCommissionValue=6.0, insurancePercentage=3.0, insuranceValue=24.0, payrollTaxValue=64.0, referralValue=48.0]
2020-06-25 10:45:00,287 INFO com.renaissance.profile.parser.util.ProfileParserUtils [http-nio-8090-exec-6] Values...,900.0,800.0,80.0,48.0,{},{}
2020-06-25 10:45:00,288 INFO com.renaissance.contractor.web.ContractorMVCController [http-nio-8090-exec-6] Controller invoked, to calculateMargin... MarginDTO [grossMargin=-28.0, netMargin=null, contractorRate=800.0, billRate=900.0, payrollTax=7.0, workLocationState=VIC, insuranceCost=null, additionalCost=null, recruiterCommission=null, superIncludeCheck=null, payrollTaxCheck=true, insurancePaymentFlag=true, insuranceType=null, superannuation=null, referralCommissionType=percent, referralCommissionValue=6.0, insurancePercentage=3.0, insuranceValue=24.0, payrollTaxValue=56.0, referralValue=48.0]
2020-06-25 10:46:44,061 INFO com.renaissance.profile.parser.web.RegisterEmployeeMvcController [http-nio-8090-exec-1] Controller invoked to retrieve recruiter list 
2020-06-25 10:46:44,065 INFO com.renaissance.profile.parser.web.RegisterEmployeeMvcController [http-nio-8090-exec-1] Recruiter list size...,2 
2020-06-25 10:47:01,224 INFO com.renaissance.profile.parser.util.ProfileParserUtils [http-nio-8090-exec-2] Values...,900.0,800.0,62.8,0.0,{},{}
2020-06-25 10:47:01,224 INFO com.renaissance.contractor.web.ContractorMVCController [http-nio-8090-exec-2] Controller invoked, to calculateMargin... MarginDTO [grossMargin=37.2, netMargin=null, contractorRate=800.0, billRate=900.0, payrollTax=4.85, workLocationState=VIC, insuranceCost=null, additionalCost=null, recruiterCommission=null, superIncludeCheck=null, payrollTaxCheck=true, insurancePaymentFlag=true, insuranceType=null, superannuation=null, referralCommissionType=none, referralCommissionValue=null, insurancePercentage=3.0, insuranceValue=24.0, payrollTaxValue=38.8, referralValue=0.0]
2020-06-25 10:47:43,765 INFO com.renaissance.profile.parser.web.RegisterEmployeeMvcController [http-nio-8090-exec-1] Controller invoked to retrieve recruiter list 
2020-06-25 10:47:43,769 INFO com.renaissance.profile.parser.web.RegisterEmployeeMvcController [http-nio-8090-exec-1] Recruiter list size...,2 
2020-06-25 10:47:52,562 INFO com.renaissance.profile.parser.util.ProfileParserUtils [http-nio-8090-exec-2] Values...,null,800.0,24.0,0.0,{},{}
2020-06-25 10:47:52,563 INFO com.renaissance.contractor.web.ContractorMVCController [http-nio-8090-exec-2] Controller invoked, to calculateMargin... MarginDTO [grossMargin=null, netMargin=null, contractorRate=800.0, billRate=null, payrollTax=null, workLocationState=none, insuranceCost=null, additionalCost=null, recruiterCommission=null, superIncludeCheck=null, payrollTaxCheck=true, insurancePaymentFlag=true, insuranceType=null, superannuation=null, referralCommissionType=none, referralCommissionValue=null, insurancePercentage=3.0, insuranceValue=24.0, payrollTaxValue=0.0, referralValue=0.0]
2020-06-25 10:48:27,651 INFO com.renaissance.profile.parser.web.RegisterEmployeeMvcController [http-nio-8090-exec-3] Controller invoked to retrieve recruiter list 
2020-06-25 10:48:27,654 INFO com.renaissance.profile.parser.web.RegisterEmployeeMvcController [http-nio-8090-exec-3] Recruiter list size...,2 
2020-06-25 10:48:33,760 INFO com.renaissance.profile.parser.util.ProfileParserUtils [http-nio-8090-exec-1] Values...,null,800.0,24.0,0.0,{},{}
2020-06-25 10:48:33,760 INFO com.renaissance.contractor.web.ContractorMVCController [http-nio-8090-exec-1] Controller invoked, to calculateMargin... MarginDTO [grossMargin=null, netMargin=null, contractorRate=800.0, billRate=null, payrollTax=null, workLocationState=none, insuranceCost=null, additionalCost=null, recruiterCommission=null, superIncludeCheck=null, payrollTaxCheck=true, insurancePaymentFlag=true, insuranceType=null, superannuation=null, referralCommissionType=none, referralCommissionValue=null, insurancePercentage=3.0, insuranceValue=24.0, payrollTaxValue=0.0, referralValue=0.0]
2020-06-25 10:50:23,198 INFO com.renaissance.profile.parser.web.RegisterEmployeeMvcController [http-nio-8090-exec-1] Controller invoked to retrieve recruiter list 
2020-06-25 10:50:23,199 INFO com.renaissance.profile.parser.web.RegisterEmployeeMvcController [http-nio-8090-exec-1] Recruiter list size...,2 
2020-06-25 10:50:30,309 INFO com.renaissance.profile.parser.util.ProfileParserUtils [http-nio-8090-exec-9] Values...,null,800.0,24.0,0.0,{},{}
2020-06-25 10:50:30,310 INFO com.renaissance.contractor.web.ContractorMVCController [http-nio-8090-exec-9] Controller invoked, to calculateMargin... MarginDTO [grossMargin=null, netMargin=null, contractorRate=800.0, billRate=null, payrollTax=null, workLocationState=none, insuranceCost=null, additionalCost=null, recruiterCommission=null, superIncludeCheck=null, payrollTaxCheck=true, insurancePaymentFlag=true, insuranceType=null, superannuation=null, referralCommissionType=none, referralCommissionValue=null, insurancePercentage=3.0, insuranceValue=24.0, payrollTaxValue=0.0, referralValue=0.0]
2020-06-25 10:52:35,581 INFO com.renaissance.profile.parser.web.RegisterEmployeeMvcController [http-nio-8090-exec-6] Controller invoked to retrieve recruiter list 
2020-06-25 10:52:35,582 INFO com.renaissance.profile.parser.web.RegisterEmployeeMvcController [http-nio-8090-exec-6] Recruiter list size...,2 
2020-06-25 10:52:43,768 INFO com.renaissance.profile.parser.util.ProfileParserUtils [http-nio-8090-exec-5] Values...,null,700.0,21.0,0.0,{},{}
2020-06-25 10:52:43,768 INFO com.renaissance.contractor.web.ContractorMVCController [http-nio-8090-exec-5] Controller invoked, to calculateMargin... MarginDTO [grossMargin=null, netMargin=null, contractorRate=700.0, billRate=null, payrollTax=null, workLocationState=none, insuranceCost=null, additionalCost=null, recruiterCommission=null, superIncludeCheck=null, payrollTaxCheck=true, insurancePaymentFlag=true, insuranceType=null, superannuation=null, referralCommissionType=none, referralCommissionValue=null, insurancePercentage=3.0, insuranceValue=21.0, payrollTaxValue=0.0, referralValue=0.0]
2020-06-25 10:54:07,443 INFO com.renaissance.profile.parser.web.RegisterEmployeeMvcController [http-nio-8090-exec-5] Controller invoked to retrieve recruiter list 
2020-06-25 10:54:07,444 INFO com.renaissance.profile.parser.web.RegisterEmployeeMvcController [http-nio-8090-exec-5] Recruiter list size...,2 
2020-06-25 10:54:13,122 INFO com.renaissance.profile.parser.util.ProfileParserUtils [http-nio-8090-exec-10] Values...,null,800.0,24.0,0.0,{},{}
2020-06-25 10:54:13,122 INFO com.renaissance.contractor.web.ContractorMVCController [http-nio-8090-exec-10] Controller invoked, to calculateMargin... MarginDTO [grossMargin=null, netMargin=null, contractorRate=800.0, billRate=null, payrollTax=null, workLocationState=none, insuranceCost=null, additionalCost=null, recruiterCommission=null, superIncludeCheck=null, payrollTaxCheck=true, insurancePaymentFlag=true, insuranceType=null, superannuation=null, referralCommissionType=none, referralCommissionValue=null, insurancePercentage=3.0, insuranceValue=24.0, payrollTaxValue=0.0, referralValue=0.0]
2020-06-25 10:58:09,178 INFO com.renaissance.profile.parser.web.RegisterEmployeeMvcController [http-nio-8090-exec-10] Controller invoked to retrieve recruiter list 
2020-06-25 10:58:09,179 INFO com.renaissance.profile.parser.web.RegisterEmployeeMvcController [http-nio-8090-exec-10] Recruiter list size...,2 
2020-06-25 10:58:15,995 INFO com.renaissance.profile.parser.util.ProfileParserUtils [http-nio-8090-exec-5] Values...,null,800.0,24.0,0.0,{},{}
2020-06-25 10:58:15,995 INFO com.renaissance.contractor.web.ContractorMVCController [http-nio-8090-exec-5] Controller invoked, to calculateMargin... MarginDTO [grossMargin=null, netMargin=null, contractorRate=800.0, billRate=null, payrollTax=null, workLocationState=none, insuranceCost=null, additionalCost=null, recruiterCommission=null, superIncludeCheck=null, payrollTaxCheck=true, insurancePaymentFlag=true, insuranceType=null, superannuation=null, referralCommissionType=none, referralCommissionValue=null, insurancePercentage=3.0, insuranceValue=24.0, payrollTaxValue=0.0, referralValue=0.0]
2020-06-25 10:58:26,777 INFO com.renaissance.profile.parser.util.ProfileParserUtils [http-nio-8090-exec-6] Values...,null,800.0,72.0,0.0,{},{}
2020-06-25 10:58:26,777 INFO com.renaissance.contractor.web.ContractorMVCController [http-nio-8090-exec-6] Controller invoked, to calculateMargin... MarginDTO [grossMargin=null, netMargin=null, contractorRate=800.0, billRate=null, payrollTax=6.0, workLocationState=none, insuranceCost=null, additionalCost=null, recruiterCommission=null, superIncludeCheck=null, payrollTaxCheck=true, insurancePaymentFlag=true, insuranceType=null, superannuation=null, referralCommissionType=none, referralCommissionValue=null, insurancePercentage=3.0, insuranceValue=24.0, payrollTaxValue=48.0, referralValue=0.0]
2020-06-25 10:58:40,116 INFO com.renaissance.profile.parser.util.ProfileParserUtils [http-nio-8090-exec-3] Values...,900.0,800.0,72.0,40.0,{},{}
2020-06-25 10:58:40,117 INFO com.renaissance.contractor.web.ContractorMVCController [http-nio-8090-exec-3] Controller invoked, to calculateMargin... MarginDTO [grossMargin=-12.0, netMargin=null, contractorRate=800.0, billRate=900.0, payrollTax=6.0, workLocationState=none, insuranceCost=null, additionalCost=null, recruiterCommission=null, superIncludeCheck=null, payrollTaxCheck=true, insurancePaymentFlag=true, insuranceType=null, superannuation=null, referralCommissionType=percent, referralCommissionValue=5.0, insurancePercentage=3.0, insuranceValue=24.0, payrollTaxValue=48.0, referralValue=40.0]
2020-06-25 10:58:54,999 INFO com.renaissance.profile.parser.util.ProfileParserUtils [http-nio-8090-exec-8] Values...,1200.0,800.0,72.0,40.0,{},{}
2020-06-25 10:58:54,999 INFO com.renaissance.contractor.web.ContractorMVCController [http-nio-8090-exec-8] Controller invoked, to calculateMargin... MarginDTO [grossMargin=288.0, netMargin=null, contractorRate=800.0, billRate=1200.0, payrollTax=6.0, workLocationState=none, insuranceCost=null, additionalCost=null, recruiterCommission=null, superIncludeCheck=null, payrollTaxCheck=true, insurancePaymentFlag=true, insuranceType=null, superannuation=null, referralCommissionType=percent, referralCommissionValue=5.0, insurancePercentage=3.0, insuranceValue=24.0, payrollTaxValue=48.0, referralValue=40.0]
2020-06-25 10:59:50,587 INFO com.renaissance.profile.parser.web.RegisterEmployeeMvcController [http-nio-8090-exec-9] Controller invoked to retrieve recruiter list 
2020-06-25 10:59:50,589 INFO com.renaissance.profile.parser.web.RegisterEmployeeMvcController [http-nio-8090-exec-9] Recruiter list size...,2 
2020-06-25 11:00:14,919 INFO com.renaissance.profile.parser.util.ProfileParserUtils [http-nio-8090-exec-6] Values...,800.0,500.0,39.25,25.0,{},{}
2020-06-25 11:00:14,919 INFO com.renaissance.contractor.web.ContractorMVCController [http-nio-8090-exec-6] Controller invoked, to calculateMargin... MarginDTO [grossMargin=235.75, netMargin=null, contractorRate=500.0, billRate=800.0, payrollTax=4.85, workLocationState=VIC, insuranceCost=null, additionalCost=null, recruiterCommission=null, superIncludeCheck=null, payrollTaxCheck=true, insurancePaymentFlag=true, insuranceType=null, superannuation=null, referralCommissionType=percent, referralCommissionValue=5.0, insurancePercentage=3.0, insuranceValue=15.0, payrollTaxValue=24.25, referralValue=25.0]
2020-06-25 11:00:16,056 INFO com.renaissance.profile.parser.util.ProfileParserUtils [http-nio-8090-exec-4] Values...,800.0,500.0,39.25,25.0,{},{}
2020-06-25 11:00:16,056 INFO com.renaissance.contractor.web.ContractorMVCController [http-nio-8090-exec-4] Controller invoked, to calculateMargin... MarginDTO [grossMargin=235.75, netMargin=null, contractorRate=500.0, billRate=800.0, payrollTax=4.85, workLocationState=VIC, insuranceCost=null, additionalCost=null, recruiterCommission=null, superIncludeCheck=null, payrollTaxCheck=true, insurancePaymentFlag=true, insuranceType=null, superannuation=null, referralCommissionType=percent, referralCommissionValue=5.0, insurancePercentage=3.0, insuranceValue=15.0, payrollTaxValue=24.25, referralValue=25.0]
2020-06-25 11:00:35,972 INFO com.renaissance.profile.parser.util.ProfileParserUtils [http-nio-8090-exec-9] Values...,800.0,500.0,38.75,25.0,{},{}
2020-06-25 11:00:35,972 INFO com.renaissance.contractor.web.ContractorMVCController [http-nio-8090-exec-9] Controller invoked, to calculateMargin... MarginDTO [grossMargin=236.25, netMargin=null, contractorRate=500.0, billRate=800.0, payrollTax=4.75, workLocationState=QLD, insuranceCost=null, additionalCost=null, recruiterCommission=null, superIncludeCheck=null, payrollTaxCheck=true, insurancePaymentFlag=true, insuranceType=null, superannuation=null, referralCommissionType=percent, referralCommissionValue=5.0, insurancePercentage=3.0, insuranceValue=15.0, payrollTaxValue=23.75, referralValue=25.0]
2020-06-25 11:03:49,691 INFO com.renaissance.profile.parser.web.RegisterEmployeeMvcController [http-nio-8090-exec-7] Controller invoked to retrieve recruiter list 
2020-06-25 11:03:49,692 INFO com.renaissance.profile.parser.web.RegisterEmployeeMvcController [http-nio-8090-exec-7] Recruiter list size...,2 
2020-06-25 11:05:09,380 INFO com.renaissance.profile.parser.util.ProfileParserUtils [http-nio-8090-exec-8] Values...,1200.0,500.0,42.25,0.0,{},{}
2020-06-25 11:05:09,380 INFO com.renaissance.contractor.web.ContractorMVCController [http-nio-8090-exec-8] Controller invoked, to calculateMargin... MarginDTO [grossMargin=657.75, netMargin=null, contractorRate=500.0, billRate=1200.0, payrollTax=5.45, workLocationState=NSW, insuranceCost=null, additionalCost=null, recruiterCommission=null, superIncludeCheck=null, payrollTaxCheck=true, insurancePaymentFlag=true, insuranceType=null, superannuation=null, referralCommissionType=none, referralCommissionValue=null, insurancePercentage=3.0, insuranceValue=15.0, payrollTaxValue=27.25, referralValue=0.0]
2020-06-25 11:06:22,842 INFO com.renaissance.profile.parser.util.ProfileParserUtils [http-nio-8090-exec-5] Values...,1200.0,600.0,47.1,36.0,{},{}
2020-06-25 11:06:22,842 INFO com.renaissance.contractor.web.ContractorMVCController [http-nio-8090-exec-5] Controller invoked, to calculateMargin... MarginDTO [grossMargin=516.9, netMargin=null, contractorRate=600.0, billRate=1200.0, payrollTax=4.85, workLocationState=VIC, insuranceCost=null, additionalCost=null, recruiterCommission=null, superIncludeCheck=null, payrollTaxCheck=true, insurancePaymentFlag=true, insuranceType=null, superannuation=null, referralCommissionType=percent, referralCommissionValue=6.0, insurancePercentage=3.0, insuranceValue=18.0, payrollTaxValue=29.1, referralValue=36.0]
2020-06-25 11:07:34,170 INFO com.renaissance.profile.parser.web.RegisterEmployeeMvcController [http-nio-8090-exec-4] Controller invoked to retrieve recruiter list 
2020-06-25 11:07:34,171 INFO com.renaissance.profile.parser.web.RegisterEmployeeMvcController [http-nio-8090-exec-4] Recruiter list size...,2 
2020-06-25 11:09:02,445 INFO com.renaissance.profile.parser.web.RegisterEmployeeMvcController [http-nio-8090-exec-9] Controller invoked to retrieve recruiter list 
2020-06-25 11:09:02,447 INFO com.renaissance.profile.parser.web.RegisterEmployeeMvcController [http-nio-8090-exec-9] Recruiter list size...,2 
2020-06-25 11:11:26,397 INFO com.renaissance.profile.parser.util.ProfileParserUtils [http-nio-8090-exec-9] Values...,1200.0,900.0,70.65,45.0,{},{}
2020-06-25 11:11:26,397 INFO com.renaissance.contractor.web.ContractorMVCController [http-nio-8090-exec-9] Controller invoked, to calculateMargin... MarginDTO [grossMargin=184.35, netMargin=null, contractorRate=900.0, billRate=1200.0, payrollTax=4.85, workLocationState=VIC, insuranceCost=null, additionalCost=null, recruiterCommission=null, superIncludeCheck=null, payrollTaxCheck=true, insurancePaymentFlag=true, insuranceType=null, superannuation=null, referralCommissionType=percent, referralCommissionValue=5.0, insurancePercentage=3.0, insuranceValue=27.0, payrollTaxValue=43.65, referralValue=45.0]
2020-06-25 11:11:26,403 INFO com.renaissance.contractor.web.ContractorMVCController [http-nio-8090-exec-4] Create Contractor..,ContractorPersonalDetailsDTO [contractorId=null, firstName=percent, middleName=t, lastName=test, fullName=percent t test, dateOfBirth=17/06/2020, gender=male, personalEmail=personal@gmail.com, officeEmail=personal@gmail.com, mobilePhone=1234567890, homePhone=, previousName=, address=melb, city=melb, state=NSW, zipCode=3204, country=Australia, otherCountry=, otherState=, visaCategory=Citizen, visaType=, visaValidDate=, abnHolder=true, emergencyContactName=asdads, emergencyContactNumber=contact personal, emergencyContactAddress=contact personal, emergencyContactEmail=contact personal, emergencyContactRelation=asdads]
2020-06-25 11:11:26,403 INFO com.renaissance.contractor.web.ContractorMVCController [http-nio-8090-exec-4] Create Contractor Bank details..,ContractorBankDetailsDTO [contractorId=null, accountName=88jjjj, bsb=bsb, accountNumber=acno, additionalInfo=null, activeRecord=null]
2020-06-25 11:11:26,403 INFO com.renaissance.contractor.web.ContractorMVCController [http-nio-8090-exec-4] Create Contractor SA details..,ContractorSuperAnnuationDetailsDTO [contractorId=null, superAnnuationFundName=null, superAnnuationMemberId=null, additionalSuperAnnuationContributionFlag=null, additionalSuperAnnuationDetails=null, additionalInfo=null, activeRecord=null]
2020-06-25 11:11:26,403 INFO com.renaissance.contractor.web.ContractorMVCController [http-nio-8090-exec-4] Create Contractor Employment details..,ContractorEmploymentDetailsDTO [contractorId=null, clientName=ren, endClientName=ren, contractNumber=, workLocationAddress=, workLocationCity=, workLocationState=VIC, workLocationZipCode=null, workLocationCountry=Australia, wlOtherCountry=, wlOtherState=, jobRole=developer, employmentType=Full Time, jobStartDate=16/06/2020, jobEndDate=, lastWorkingDate=, finishedClient=false, additionalInfo=, activeRecord=null, recruiterId=1000, recruiterName=Kavitha]
2020-06-25 11:11:26,403 INFO com.renaissance.contractor.web.ContractorMVCController [http-nio-8090-exec-4] Create Contractor Rate details..,ContractorRateDetailsDTO [contractorId=null, ratePerDay=900.0, rateStartDate=11/06/2020, rateEndDate=, includeSuperFlag=null, billRatePerDay=1200.0, payrollTaxPaymentFlag=true, insurancePaymentFlag=true, insuranceType=null, insurancePercentage=3.0, otherDeductionPercentage=null, otherDeductionAmount=null, netMargin=null, additionalInfo=null, activeRecord=null, referralCommissionType=percent, referralCommissionValue=5.0, payrollTaxPercentage=4.85, grossMargin=0.0]
2020-06-25 11:11:26,409 INFO com.renaissance.contractor.service.ContractorManagementService [http-nio-8090-exec-4] Create Contractor Service..,ContractorPersonalDetailsDTO [contractorId=null, firstName=percent, middleName=t, lastName=test, fullName=percent t test, dateOfBirth=17/06/2020, gender=male, personalEmail=personal@gmail.com, officeEmail=personal@gmail.com, mobilePhone=1234567890, homePhone=, previousName=, address=melb, city=melb, state=NSW, zipCode=3204, country=Australia, otherCountry=, otherState=, visaCategory=Citizen, visaType=, visaValidDate=, abnHolder=true, emergencyContactName=asdads, emergencyContactNumber=contact personal, emergencyContactAddress=contact personal, emergencyContactEmail=contact personal, emergencyContactRelation=asdads]
2020-06-25 11:11:26,409 INFO com.renaissance.contractor.service.ContractorManagementService [http-nio-8090-exec-4] Create Contractor Service Bank details..,ContractorBankDetailsDTO [contractorId=null, accountName=88jjjj, bsb=bsb, accountNumber=acno, additionalInfo=null, activeRecord=null]
2020-06-25 11:11:26,410 INFO com.renaissance.contractor.service.ContractorManagementService [http-nio-8090-exec-4] Create Contractor Service SA details..,ContractorSuperAnnuationDetailsDTO [contractorId=null, superAnnuationFundName=null, superAnnuationMemberId=null, additionalSuperAnnuationContributionFlag=null, additionalSuperAnnuationDetails=null, additionalInfo=null, activeRecord=null]
2020-06-25 11:11:26,410 INFO com.renaissance.contractor.service.ContractorManagementService [http-nio-8090-exec-4] Create Contractor Service Employment details..,ContractorEmploymentDetailsDTO [contractorId=null, clientName=ren, endClientName=ren, contractNumber=, workLocationAddress=, workLocationCity=, workLocationState=VIC, workLocationZipCode=null, workLocationCountry=Australia, wlOtherCountry=, wlOtherState=, jobRole=developer, employmentType=Full Time, jobStartDate=16/06/2020, jobEndDate=, lastWorkingDate=, finishedClient=false, additionalInfo=, activeRecord=null, recruiterId=1000, recruiterName=Kavitha]
2020-06-25 11:11:26,410 INFO com.renaissance.contractor.service.ContractorManagementService [http-nio-8090-exec-4] Create Contractor Service Rate details..,ContractorRateDetailsDTO [contractorId=null, ratePerDay=900.0, rateStartDate=11/06/2020, rateEndDate=, includeSuperFlag=null, billRatePerDay=1200.0, payrollTaxPaymentFlag=true, insurancePaymentFlag=true, insuranceType=null, insurancePercentage=3.0, otherDeductionPercentage=null, otherDeductionAmount=null, netMargin=null, additionalInfo=null, activeRecord=null, referralCommissionType=percent, referralCommissionValue=5.0, payrollTaxPercentage=4.85, grossMargin=0.0]
2020-06-25 11:11:26,410 INFO com.renaissance.contractor.service.ContractorManagementService [http-nio-8090-exec-4] Create Contractor Service ABN details..,ContractorABNDetailsDTO [contractorId=null, abnNumber=a2, acnNumber=a2, companyName=renaissance, companyAddress=address, companyCity=melb, companyState=VIC, companyZipCode=3204, abnGroup=, gstRegistered=false, gstCertPath=, piPlFlag=false, piPlCert1Path=, piPlCert2Path=, piPlCert3Path=, workCoverFlag=false, workCoverCertPath=, additionalInfo=, activeRecord=null]
2020-06-25 11:11:26,410 INFO com.renaissance.contractor.service.ContractorManagementService [http-nio-8090-exec-4] Create Contractor Service TFN details..,ContractorTFNDetailsDTO [contractorId=null, tfnNumber=null, newApplicationFlag=null, underAgeExemptionFlag=null, pensionHolderFlag=null, employmentType=null, taxPayerType=null, taxFreeThresholdFlag=null, loanFlag=null, financialShipmentDebtFlag=null, additionalInfo=null, activeRecord=null]
2020-06-25 11:11:26,439 INFO com.renaissance.contractor.service.ContractorManagementService [http-nio-8090-exec-4] Created ContractorId...45,
2020-06-25 11:11:26,453 INFO com.renaissance.contractor.web.ContractorMVCController [http-nio-8090-exec-4] Created contractor ID...,45
2020-06-25 11:11:41,409 INFO com.renaissance.contractor.web.ContractorMVCController [http-nio-8090-exec-3] Search details, ContractorSearchForm [contractorName=percent, clientName=, endClientName=, workLocationState=null, role=, recruiterId=null, recruiterName=null, abnHolder=null, jobStartDate=, jobEndDate=]
2020-06-25 11:11:41,412 INFO com.renaissance.contractor.service.ContractorManagementService [http-nio-8090-exec-3] Search Results personal table, 1
2020-06-25 11:11:41,413 INFO com.renaissance.contractor.service.ContractorManagementService [http-nio-8090-exec-3] Search Results EMP table, 0
2020-06-25 11:11:46,595 INFO com.renaissance.contractor.web.ContractorDetailsMVCController [http-nio-8090-exec-8] Controller invoked, to load details...id is, 45
2020-06-25 11:11:46,611 INFO com.renaissance.contractor.web.ContractorDetailsMVCController [http-nio-8090-exec-8] Details...,ContractorPersonalDetailsDTO [contractorId=45, firstName=percent, middleName=t, lastName=test, fullName=percent t test, dateOfBirth=17/06/2020, gender=male, personalEmail=personal@gmail.com, officeEmail=personal@gmail.com, mobilePhone=1234567890, homePhone=, previousName=, address=melb, city=melb, state=NSW, zipCode=3204, country=Australia, otherCountry=, otherState=, visaCategory=Citizen, visaType=, visaValidDate=, abnHolder=true, emergencyContactName=asdads, emergencyContactNumber=contact personal, emergencyContactAddress=contact personal, emergencyContactEmail=contact personal, emergencyContactRelation=asdads] 
2020-06-25 11:11:46,611 INFO com.renaissance.contractor.web.ContractorDetailsMVCController [http-nio-8090-exec-8] Details...,ContractorBankDetailsDTO [contractorId=45, accountName=88jjjj, bsb=bsb, accountNumber=acno, additionalInfo=null, activeRecord=Active] 
2020-06-25 11:11:46,611 INFO com.renaissance.contractor.web.ContractorDetailsMVCController [http-nio-8090-exec-8] Details...,ContractorSuperAnnuationDetailsDTO [contractorId=null, superAnnuationFundName=null, superAnnuationMemberId=null, additionalSuperAnnuationContributionFlag=null, additionalSuperAnnuationDetails=null, additionalInfo=null, activeRecord=null] 
2020-06-25 11:11:46,611 INFO com.renaissance.contractor.web.ContractorDetailsMVCController [http-nio-8090-exec-8] Details...,ContractorEmploymentDetailsDTO [contractorId=45, clientName=ren, endClientName=ren, contractNumber=, workLocationAddress=, workLocationCity=, workLocationState=VIC, workLocationZipCode=null, workLocationCountry=Australia, wlOtherCountry=, wlOtherState=, jobRole=developer, employmentType=Full Time, jobStartDate=16/06/2020, jobEndDate=, lastWorkingDate=, finishedClient=false, additionalInfo=, activeRecord=Active, recruiterId=1000, recruiterName=Kavitha] 
2020-06-25 11:11:46,611 INFO com.renaissance.contractor.web.ContractorDetailsMVCController [http-nio-8090-exec-8] Details...,ContractorRateDetailsDTO [contractorId=45, ratePerDay=900.0, rateStartDate=11/06/2020, rateEndDate=, includeSuperFlag=null, billRatePerDay=1200.0, payrollTaxPaymentFlag=true, insurancePaymentFlag=true, insuranceType=null, insurancePercentage=3.0, otherDeductionPercentage=null, otherDeductionAmount=null, netMargin=null, additionalInfo=null, activeRecord=Active, referralCommissionType=percent, referralCommissionValue=5.0, payrollTaxPercentage=4.85, grossMargin=0.0] 
2020-06-25 11:11:46,833 INFO com.renaissance.profile.parser.web.RegisterEmployeeMvcController [http-nio-8090-exec-3] Controller invoked to retrieve recruiter list 
2020-06-25 11:11:46,833 INFO com.renaissance.profile.parser.web.RegisterEmployeeMvcController [http-nio-8090-exec-3] Recruiter list size...,2 
2020-06-25 11:11:46,844 INFO com.renaissance.profile.parser.util.ProfileParserUtils [http-nio-8090-exec-9] Values...,1200.0,900.0,70.65,45.0,{},{}
2020-06-25 11:11:46,844 INFO com.renaissance.contractor.web.ContractorMVCController [http-nio-8090-exec-9] Controller invoked, to calculateMargin... MarginDTO [grossMargin=184.35, netMargin=null, contractorRate=900.0, billRate=1200.0, payrollTax=4.85, workLocationState=VIC, insuranceCost=null, additionalCost=null, recruiterCommission=null, superIncludeCheck=null, payrollTaxCheck=true, insurancePaymentFlag=true, insuranceType=null, superannuation=null, referralCommissionType=percent, referralCommissionValue=5.0, insurancePercentage=3.0, insuranceValue=27.0, payrollTaxValue=43.65, referralValue=45.0]
2020-06-25 11:12:48,149 INFO com.renaissance.contractor.web.ContractorDetailsMVCController [http-nio-8090-exec-8] Controller invoked, to load details...id is, 45
2020-06-25 11:12:48,155 INFO com.renaissance.contractor.web.ContractorDetailsMVCController [http-nio-8090-exec-8] Details...,ContractorPersonalDetailsDTO [contractorId=45, firstName=percent, middleName=t, lastName=test, fullName=percent t test, dateOfBirth=17/06/2020, gender=male, personalEmail=personal@gmail.com, officeEmail=personal@gmail.com, mobilePhone=1234567890, homePhone=, previousName=, address=melb, city=melb, state=NSW, zipCode=3204, country=Australia, otherCountry=, otherState=, visaCategory=Citizen, visaType=, visaValidDate=, abnHolder=true, emergencyContactName=asdads, emergencyContactNumber=contact personal, emergencyContactAddress=contact personal, emergencyContactEmail=contact personal, emergencyContactRelation=asdads] 
2020-06-25 11:12:48,155 INFO com.renaissance.contractor.web.ContractorDetailsMVCController [http-nio-8090-exec-8] Details...,ContractorBankDetailsDTO [contractorId=45, accountName=88jjjj, bsb=bsb, accountNumber=acno, additionalInfo=null, activeRecord=Active] 
2020-06-25 11:12:48,155 INFO com.renaissance.contractor.web.ContractorDetailsMVCController [http-nio-8090-exec-8] Details...,ContractorSuperAnnuationDetailsDTO [contractorId=null, superAnnuationFundName=null, superAnnuationMemberId=null, additionalSuperAnnuationContributionFlag=null, additionalSuperAnnuationDetails=null, additionalInfo=null, activeRecord=null] 
2020-06-25 11:12:48,155 INFO com.renaissance.contractor.web.ContractorDetailsMVCController [http-nio-8090-exec-8] Details...,ContractorEmploymentDetailsDTO [contractorId=45, clientName=ren, endClientName=ren, contractNumber=, workLocationAddress=, workLocationCity=, workLocationState=VIC, workLocationZipCode=null, workLocationCountry=Australia, wlOtherCountry=, wlOtherState=, jobRole=developer, employmentType=Full Time, jobStartDate=16/06/2020, jobEndDate=, lastWorkingDate=, finishedClient=false, additionalInfo=, activeRecord=Active, recruiterId=1000, recruiterName=Kavitha] 
2020-06-25 11:12:48,155 INFO com.renaissance.contractor.web.ContractorDetailsMVCController [http-nio-8090-exec-8] Details...,ContractorRateDetailsDTO [contractorId=45, ratePerDay=900.0, rateStartDate=11/06/2020, rateEndDate=, includeSuperFlag=null, billRatePerDay=1200.0, payrollTaxPaymentFlag=true, insurancePaymentFlag=true, insuranceType=null, insurancePercentage=3.0, otherDeductionPercentage=null, otherDeductionAmount=null, netMargin=null, additionalInfo=null, activeRecord=Active, referralCommissionType=percent, referralCommissionValue=5.0, payrollTaxPercentage=4.85, grossMargin=0.0] 
2020-06-25 11:12:48,364 INFO com.renaissance.profile.parser.web.RegisterEmployeeMvcController [http-nio-8090-exec-7] Controller invoked to retrieve recruiter list 
2020-06-25 11:12:48,365 INFO com.renaissance.profile.parser.web.RegisterEmployeeMvcController [http-nio-8090-exec-7] Recruiter list size...,2 
2020-06-25 11:12:48,374 INFO com.renaissance.profile.parser.util.ProfileParserUtils [http-nio-8090-exec-2] Values...,1200.0,900.0,70.65,45.0,{},{}
2020-06-25 11:12:48,374 INFO com.renaissance.contractor.web.ContractorMVCController [http-nio-8090-exec-2] Controller invoked, to calculateMargin... MarginDTO [grossMargin=184.35, netMargin=null, contractorRate=900.0, billRate=1200.0, payrollTax=4.85, workLocationState=VIC, insuranceCost=null, additionalCost=null, recruiterCommission=null, superIncludeCheck=null, payrollTaxCheck=true, insurancePaymentFlag=true, insuranceType=null, superannuation=null, referralCommissionType=percent, referralCommissionValue=5.0, insurancePercentage=3.0, insuranceValue=27.0, payrollTaxValue=43.65, referralValue=45.0]
2020-06-25 11:13:12,498 INFO com.renaissance.contractor.web.ContractorDetailsMVCController [http-nio-8090-exec-10] Controller invoked, to load details...id is, 45
2020-06-25 11:13:12,503 INFO com.renaissance.contractor.web.ContractorDetailsMVCController [http-nio-8090-exec-10] Details...,ContractorPersonalDetailsDTO [contractorId=45, firstName=percent, middleName=t, lastName=test, fullName=percent t test, dateOfBirth=17/06/2020, gender=male, personalEmail=personal@gmail.com, officeEmail=personal@gmail.com, mobilePhone=1234567890, homePhone=, previousName=, address=melb, city=melb, state=NSW, zipCode=3204, country=Australia, otherCountry=, otherState=, visaCategory=Citizen, visaType=, visaValidDate=, abnHolder=true, emergencyContactName=asdads, emergencyContactNumber=contact personal, emergencyContactAddress=contact personal, emergencyContactEmail=contact personal, emergencyContactRelation=asdads] 
2020-06-25 11:13:12,503 INFO com.renaissance.contractor.web.ContractorDetailsMVCController [http-nio-8090-exec-10] Details...,ContractorBankDetailsDTO [contractorId=45, accountName=88jjjj, bsb=bsb, accountNumber=acno, additionalInfo=null, activeRecord=Active] 
2020-06-25 11:13:12,503 INFO com.renaissance.contractor.web.ContractorDetailsMVCController [http-nio-8090-exec-10] Details...,ContractorSuperAnnuationDetailsDTO [contractorId=null, superAnnuationFundName=null, superAnnuationMemberId=null, additionalSuperAnnuationContributionFlag=null, additionalSuperAnnuationDetails=null, additionalInfo=null, activeRecord=null] 
2020-06-25 11:13:12,503 INFO com.renaissance.contractor.web.ContractorDetailsMVCController [http-nio-8090-exec-10] Details...,ContractorEmploymentDetailsDTO [contractorId=45, clientName=ren, endClientName=ren, contractNumber=, workLocationAddress=, workLocationCity=, workLocationState=VIC, workLocationZipCode=null, workLocationCountry=Australia, wlOtherCountry=, wlOtherState=, jobRole=developer, employmentType=Full Time, jobStartDate=16/06/2020, jobEndDate=, lastWorkingDate=, finishedClient=false, additionalInfo=, activeRecord=Active, recruiterId=1000, recruiterName=Kavitha] 
2020-06-25 11:13:12,503 INFO com.renaissance.contractor.web.ContractorDetailsMVCController [http-nio-8090-exec-10] Details...,ContractorRateDetailsDTO [contractorId=45, ratePerDay=900.0, rateStartDate=11/06/2020, rateEndDate=, includeSuperFlag=null, billRatePerDay=1200.0, payrollTaxPaymentFlag=true, insurancePaymentFlag=true, insuranceType=null, insurancePercentage=3.0, otherDeductionPercentage=null, otherDeductionAmount=null, netMargin=null, additionalInfo=null, activeRecord=Active, referralCommissionType=percent, referralCommissionValue=5.0, payrollTaxPercentage=4.85, grossMargin=0.0] 
2020-06-25 11:13:12,711 INFO com.renaissance.profile.parser.web.RegisterEmployeeMvcController [http-nio-8090-exec-6] Controller invoked to retrieve recruiter list 
2020-06-25 11:13:12,712 INFO com.renaissance.profile.parser.web.RegisterEmployeeMvcController [http-nio-8090-exec-6] Recruiter list size...,2 
2020-06-25 11:13:12,724 INFO com.renaissance.profile.parser.util.ProfileParserUtils [http-nio-8090-exec-3] Values...,1200.0,900.0,70.65,45.0,{},{}
2020-06-25 11:13:12,724 INFO com.renaissance.contractor.web.ContractorMVCController [http-nio-8090-exec-3] Controller invoked, to calculateMargin... MarginDTO [grossMargin=184.35, netMargin=null, contractorRate=900.0, billRate=1200.0, payrollTax=4.85, workLocationState=VIC, insuranceCost=null, additionalCost=null, recruiterCommission=null, superIncludeCheck=null, payrollTaxCheck=true, insurancePaymentFlag=true, insuranceType=null, superannuation=null, referralCommissionType=percent, referralCommissionValue=5.0, insurancePercentage=3.0, insuranceValue=27.0, payrollTaxValue=43.65, referralValue=45.0]
2020-06-25 11:13:30,209 INFO com.renaissance.profile.parser.util.ProfileParserUtils [http-nio-8090-exec-1] Values...,1200.0,900.0,70.65,45.0,{},{}
2020-06-25 11:13:30,209 INFO com.renaissance.contractor.web.ContractorMVCController [http-nio-8090-exec-1] Controller invoked, to calculateMargin... MarginDTO [grossMargin=184.35, netMargin=null, contractorRate=900.0, billRate=1200.0, payrollTax=4.85, workLocationState=VIC, insuranceCost=null, additionalCost=null, recruiterCommission=null, superIncludeCheck=null, payrollTaxCheck=true, insurancePaymentFlag=true, insuranceType=null, superannuation=null, referralCommissionType=percent, referralCommissionValue=5.0, insurancePercentage=3.0, insuranceValue=27.0, payrollTaxValue=43.65, referralValue=45.0]
2020-06-25 11:14:11,335 INFO com.renaissance.profile.parser.util.ProfileParserUtils [http-nio-8090-exec-4] Values...,1200.0,900.0,99.0,36.0,{},{}
2020-06-25 11:14:11,335 INFO com.renaissance.contractor.web.ContractorMVCController [http-nio-8090-exec-4] Controller invoked, to calculateMargin... MarginDTO [grossMargin=165.0, netMargin=null, contractorRate=900.0, billRate=1200.0, payrollTax=8.0, workLocationState=WA, insuranceCost=null, additionalCost=null, recruiterCommission=null, superIncludeCheck=null, payrollTaxCheck=true, insurancePaymentFlag=true, insuranceType=null, superannuation=null, referralCommissionType=percent, referralCommissionValue=4.0, insurancePercentage=3.0, insuranceValue=27.0, payrollTaxValue=72.0, referralValue=36.0]
2020-06-25 11:14:12,116 INFO com.renaissance.profile.parser.util.ProfileParserUtils [http-nio-8090-exec-9] Values...,1200.0,900.0,99.0,36.0,{},{}
2020-06-25 11:14:12,116 INFO com.renaissance.contractor.web.ContractorMVCController [http-nio-8090-exec-9] Controller invoked, to calculateMargin... MarginDTO [grossMargin=165.0, netMargin=null, contractorRate=900.0, billRate=1200.0, payrollTax=8.0, workLocationState=WA, insuranceCost=null, additionalCost=null, recruiterCommission=null, superIncludeCheck=null, payrollTaxCheck=true, insurancePaymentFlag=true, insuranceType=null, superannuation=null, referralCommissionType=percent, referralCommissionValue=4.0, insurancePercentage=3.0, insuranceValue=27.0, payrollTaxValue=72.0, referralValue=36.0]
2020-06-25 11:14:20,521 INFO com.renaissance.profile.parser.util.ProfileParserUtils [http-nio-8090-exec-3] Values...,1200.0,900.0,99.0,36.0,{},{}
2020-06-25 11:14:20,521 INFO com.renaissance.contractor.web.ContractorMVCController [http-nio-8090-exec-3] Controller invoked, to calculateMargin... MarginDTO [grossMargin=165.0, netMargin=null, contractorRate=900.0, billRate=1200.0, payrollTax=8.0, workLocationState=WA, insuranceCost=null, additionalCost=null, recruiterCommission=null, superIncludeCheck=null, payrollTaxCheck=true, insurancePaymentFlag=true, insuranceType=null, superannuation=null, referralCommissionType=percent, referralCommissionValue=4.0, insurancePercentage=3.0, insuranceValue=27.0, payrollTaxValue=72.0, referralValue=36.0]
2020-06-25 11:14:21,631 INFO com.renaissance.profile.parser.util.ProfileParserUtils [http-nio-8090-exec-1] Values...,1200.0,900.0,99.0,36.0,{},{}
2020-06-25 11:14:21,631 INFO com.renaissance.contractor.web.ContractorMVCController [http-nio-8090-exec-1] Controller invoked, to calculateMargin... MarginDTO [grossMargin=165.0, netMargin=null, contractorRate=900.0, billRate=1200.0, payrollTax=8.0, workLocationState=WA, insuranceCost=null, additionalCost=null, recruiterCommission=null, superIncludeCheck=null, payrollTaxCheck=true, insurancePaymentFlag=true, insuranceType=null, superannuation=null, referralCommissionType=percent, referralCommissionValue=4.0, insurancePercentage=3.0, insuranceValue=27.0, payrollTaxValue=72.0, referralValue=36.0]
2020-06-25 11:14:28,760 INFO com.renaissance.profile.parser.util.ProfileParserUtils [http-nio-8090-exec-2] Values...,1200.0,900.0,99.0,36.0,{},{}
2020-06-25 11:14:28,760 INFO com.renaissance.contractor.web.ContractorMVCController [http-nio-8090-exec-2] Controller invoked, to calculateMargin... MarginDTO [grossMargin=165.0, netMargin=null, contractorRate=900.0, billRate=1200.0, payrollTax=8.0, workLocationState=WA, insuranceCost=null, additionalCost=null, recruiterCommission=null, superIncludeCheck=null, payrollTaxCheck=true, insurancePaymentFlag=true, insuranceType=null, superannuation=null, referralCommissionType=percent, referralCommissionValue=4.0, insurancePercentage=3.0, insuranceValue=27.0, payrollTaxValue=72.0, referralValue=36.0]
2020-06-25 11:14:29,480 INFO com.renaissance.profile.parser.util.ProfileParserUtils [http-nio-8090-exec-4] Values...,1200.0,900.0,99.0,36.0,{},{}
2020-06-25 11:14:29,481 INFO com.renaissance.contractor.web.ContractorMVCController [http-nio-8090-exec-4] Controller invoked, to calculateMargin... MarginDTO [grossMargin=165.0, netMargin=null, contractorRate=900.0, billRate=1200.0, payrollTax=8.0, workLocationState=WA, insuranceCost=null, additionalCost=null, recruiterCommission=null, superIncludeCheck=null, payrollTaxCheck=true, insurancePaymentFlag=true, insuranceType=null, superannuation=null, referralCommissionType=percent, referralCommissionValue=4.0, insurancePercentage=3.0, insuranceValue=27.0, payrollTaxValue=72.0, referralValue=36.0]
2020-06-25 11:14:29,696 INFO com.renaissance.profile.parser.util.ProfileParserUtils [http-nio-8090-exec-9] Values...,1200.0,900.0,99.0,36.0,{},{}
2020-06-25 11:14:29,696 INFO com.renaissance.contractor.web.ContractorMVCController [http-nio-8090-exec-9] Controller invoked, to calculateMargin... MarginDTO [grossMargin=165.0, netMargin=null, contractorRate=900.0, billRate=1200.0, payrollTax=8.0, workLocationState=WA, insuranceCost=null, additionalCost=null, recruiterCommission=null, superIncludeCheck=null, payrollTaxCheck=true, insurancePaymentFlag=true, insuranceType=null, superannuation=null, referralCommissionType=percent, referralCommissionValue=4.0, insurancePercentage=3.0, insuranceValue=27.0, payrollTaxValue=72.0, referralValue=36.0]
2020-06-25 12:46:40,947 WARN com.zaxxer.hikari.pool.HikariPool [HikariPool-71 housekeeper] HikariPool-71 - Thread starvation or clock leap detected (housekeeper delta=1h11m42s962ms735µs700ns).
2020-06-25 15:21:53,303 WARN com.zaxxer.hikari.pool.HikariPool [HikariPool-71 housekeeper] HikariPool-71 - Thread starvation or clock leap detected (housekeeper delta=1h58m42s283ms851µs900ns).
